<?xml version="1.0" encoding="UTF-8"?>
<!-- Generated by org.testng.reporters.JUnitXMLReporter -->
<testsuite hostname="PurviPC" ignored="3" name="Default test" tests="1" failures="0" timestamp="03 Feb 2018 01:00:07 GMT" time="15.075" errors="0">
  <testcase name="validateCheckLinks" time="6.932" classname="com.news360.qa.testcases.IntroPageTest"/>
  <testcase name="validateIntroPageTest" time="0.0" classname="com.news360.qa.testcases.IntroPageTest">
    <ignored/>
  </testcase> <!-- validateIntroPageTest -->
  <testcase name="validateHeaderTopDesc" time="0.0" classname="com.news360.qa.testcases.IntroPageTest">
    <ignored/>
  </testcase> <!-- validateHeaderTopDesc -->
  <testcase name="validatesubHeader" time="0.0" classname="com.news360.qa.testcases.IntroPageTest">
    <ignored/>
  </testcase> <!-- validatesubHeader -->
</testsuite> <!-- Default test -->
