<?xml version="1.0" encoding="UTF-8"?>
<testng-results skipped="0" failed="0" ignored="3" total="4" passed="1">
  <reporter-output>
  </reporter-output>
  <suite name="Default suite" duration-ms="15075" started-at="2018-02-03T00:59:52Z" finished-at="2018-02-03T01:00:07Z">
    <groups>
    </groups>
    <test name="Default test" duration-ms="15075" started-at="2018-02-03T00:59:52Z" finished-at="2018-02-03T01:00:07Z">
      <class name="com.news360.qa.testcases.IntroPageTest">
        <test-method status="PASS" signature="setUp()[pri:0, instance:com.news360.qa.testcases.IntroPageTest@4f7d0008]" name="setUp" is-config="true" duration-ms="7451" started-at="2018-02-02T19:59:52Z" finished-at="2018-02-02T19:59:59Z">
          <reporter-output>
          </reporter-output>
        </test-method> <!-- setUp -->
        <test-method status="PASS" signature="validateCheckLinks()[pri:4, instance:com.news360.qa.testcases.IntroPageTest@4f7d0008]" name="validateCheckLinks" duration-ms="6932" started-at="2018-02-02T19:59:59Z" finished-at="2018-02-02T20:00:06Z">
          <reporter-output>
          </reporter-output>
        </test-method> <!-- validateCheckLinks -->
        <test-method status="PASS" signature="closeBrowserTest()[pri:0, instance:com.news360.qa.testcases.IntroPageTest@4f7d0008]" name="closeBrowserTest" is-config="true" duration-ms="663" started-at="2018-02-02T20:00:06Z" finished-at="2018-02-02T20:00:07Z">
          <reporter-output>
          </reporter-output>
        </test-method> <!-- closeBrowserTest -->
      </class> <!-- com.news360.qa.testcases.IntroPageTest -->
    </test> <!-- Default test -->
  </suite> <!-- Default suite -->
</testng-results>
