<?xml version="1.0" encoding="UTF-8"?>
<!-- Generated by org.testng.reporters.JUnitXMLReporter -->
<testsuite hostname="PurviPC" ignored="0" name="News360 Test Automation TestCases" tests="6" failures="0" timestamp="24 Jan 2018 00:21:00 GMT" time="56.481" errors="0">
  <testcase name="validateIntroPageTest" time="7.227" classname="com.news360.qa.testcases.IntroPageTest"/>
  <testcase name="verifyHeaderTest" time="0.078" classname="com.news360.qa.testcases.LandingPageTest"/>
  <testcase name="HomePageURLTest" time="0.011" classname="com.news360.qa.testcases.HomePageTest"/>
  <testcase name="verifyImageTest" time="0.072" classname="com.news360.qa.testcases.LandingPageTest"/>
  <testcase name="verifyTitleinBoxTest" time="2.062" classname="com.news360.qa.testcases.HomePageTest"/>
  <testcase name="navigateToHomePageTest" time="1.433" classname="com.news360.qa.testcases.LandingPageTest"/>
</testsuite> <!-- News360 Test Automation TestCases -->
